#
# A fatal error has been detected by the Java Runtime Environment:
#
#  EXCEPTION_ACCESS_VIOLATION (0xc0000005) at pc=0x00000000544b11f1, pid=1948, tid=0x00000000000028a0
#
# JRE version: Java(TM) SE Runtime Environment (8.0_144-b01) (build 1.8.0_144-b01)
# Java VM: Java HotSpot(TM) 64-Bit Server VM (25.144-b01 mixed mode windows-amd64 compressed oops)
# Problematic frame:
# V  [jvm.dll+0x4811f1]
#
# Failed to write core dump. Minidumps are not enabled by default on client versions of Windows
#
# If you would like to submit a bug report, please visit:
#   http://bugreport.java.com/bugreport/crash.jsp
#

---------------  T H R E A D  ---------------

Current thread (0x0000000016484000):  JavaThread "C2 CompilerThread1" daemon [_thread_in_native, id=10400, stack(0x0000000017ad0000,0x0000000017bd0000)]

siginfo: ExceptionCode=0xc0000005, reading address 0xffffffffffffffff

Registers:
RAX=0x000000001dc00d00, RBX=0x0000000000000048, RCX=0x10000000164b9bc0, RDX=0x000000001dc00580
RSP=0x0000000017bcb8b0, RBP=0x0000000021050c80, RSI=0x0000000000000000, RDI=0x0000000000000009
R8 =0x0000000021050c30, R9 =0x0000000021051040, R10=0x000000000000000e, R11=0x0000000021050c80
R12=0x000000002100f050, R13=0x000000001f4e9fb0, R14=0x000000001dc00bf8, R15=0x0000000000000020
RIP=0x00000000544b11f1, EFLAGS=0x0000000000010206

Top of Stack: (sp=0x0000000017bcb8b0)
0x0000000017bcb8b0:   0000000000000008 0000000000000000
0x0000000017bcb8c0:   0000000000000001 000000001f4e9fb0
0x0000000017bcb8d0:   0000000000000d26 000000001a593160
0x0000000017bcb8e0:   00000000001e5640 000000001a5a0dd0
0x0000000017bcb8f0:   000000001f4e9fb0 000000001a5a0dd0
0x0000000017bcb900:   0000000016446b10 00000000546a8328
0x0000000017bcb910:   0000000016446b10 0000000000000200
0x0000000017bcb920:   000000001c9ca0c0 0000000000000001
0x0000000017bcb930:   0000000000000001 0000000016446b10
0x0000000017bcb940:   000000000000001d 000000001c229e50
0x0000000017bcb950:   0000000016446b10 0000000017bcbe10
0x0000000017bcb960:   0000000000000000 0000000017bcba80
0x0000000017bcb970:   0000000017bcbe30 00000000544f4e7b
0x0000000017bcb980:   0000000017bcbe10 0000000000001286
0x0000000017bcb990:   000000002100f050 0000000021050c80
0x0000000017bcb9a0:   000000001c229ea0 000000001c231e38 

Instructions: (pc=0x00000000544b11f1)
0x00000000544b11d1:   b6 00 00 00 48 8b de 0f 1f 84 00 00 00 00 00 49
0x00000000544b11e1:   8b 46 08 48 8b 0c 03 48 85 c9 0f 84 8a 00 00 00
0x00000000544b11f1:   48 8b 01 ff 50 10 84 c0 0f 84 7c 00 00 00 49 8b
0x00000000544b1201:   46 08 48 8b 0c 03 8b 41 28 41 8b 4c 85 00 83 f9 


Register to memory mapping:

RAX=0x000000001dc00d00 is an unknown value
RBX=0x0000000000000048 is an unknown value
RCX=0x10000000164b9bc0 is an unknown value
RDX=0x000000001dc00580 is an unknown value
RSP=0x0000000017bcb8b0 is pointing into the stack for thread: 0x0000000016484000
RBP=0x0000000021050c80 is an unknown value
RSI=0x0000000000000000 is an unknown value
RDI=0x0000000000000009 is an unknown value
R8 =0x0000000021050c30 is an unknown value
R9 =0x0000000021051040 is an unknown value
R10=0x000000000000000e is an unknown value
R11=0x0000000021050c80 is an unknown value
R12=0x000000002100f050 is an unknown value
R13=0x000000001f4e9fb0 is an unknown value
R14=0x000000001dc00bf8 is an unknown value
R15=0x0000000000000020 is an unknown value


Stack: [0x0000000017ad0000,0x0000000017bd0000],  sp=0x0000000017bcb8b0,  free space=1006k
Native frames: (J=compiled Java code, j=interpreted, Vv=VM code, C=native code)
V  [jvm.dll+0x4811f1]
V  [jvm.dll+0x4c4e7b]
V  [jvm.dll+0x476000]
V  [jvm.dll+0x476e33]
V  [jvm.dll+0x4598c2]
V  [jvm.dll+0xa5dc2]
V  [jvm.dll+0xa66ff]
V  [jvm.dll+0x24524f]
V  [jvm.dll+0x29ca6a]
C  [msvcr100.dll+0x21d9f]
C  [msvcr100.dll+0x21e3b]
C  [KERNEL32.DLL+0x13034]
C  [ntdll.dll+0x71461]


Current CompileTask:
C2:   8919 4594       4       org.gradle.model.internal.type.ModelType$Simple::<init> (10 bytes)


---------------  P R O C E S S  ---------------

Java Threads: ( => current thread )
  0x000000001d0a7800 JavaThread "Memory manager" [_thread_blocked, id=10420, stack(0x0000000020d00000,0x0000000020e00000)]
  0x000000001d0a3800 JavaThread "pool-1-thread-1" [_thread_blocked, id=6616, stack(0x0000000020a00000,0x0000000020b00000)]
  0x000000001d0a6000 JavaThread "build operations Thread 4" [_thread_blocked, id=10960, stack(0x0000000020500000,0x0000000020600000)]
  0x000000001d0aa800 JavaThread "build operations Thread 3" [_thread_blocked, id=12272, stack(0x0000000020400000,0x0000000020500000)]
  0x0000000018fd7000 JavaThread "build operations Thread 2" [_thread_blocked, id=9936, stack(0x0000000020300000,0x0000000020400000)]
  0x0000000018fdd800 JavaThread "build operations" [_thread_blocked, id=1904, stack(0x000000001ea70000,0x000000001eb70000)]
  0x0000000018fdb800 JavaThread "Cache worker for Artifact transforms cache (C:\Users\Mahesh\.gradle\caches\transforms-1)" [_thread_blocked, id=7572, stack(0x000000001d2f0000,0x000000001d3f0000)]
  0x0000000018fd8800 JavaThread "Cache worker for file hash cache (F:\My Project\Rigel Tech\EVoting\.gradle\4.1\fileHashes)" [_thread_blocked, id=11228, stack(0x000000001c020000,0x000000001c120000)]
  0x0000000018fdc000 JavaThread "File lock request listener" [_thread_in_native, id=2884, stack(0x000000001bd20000,0x000000001be20000)]
  0x0000000018fda000 JavaThread "Cache worker for file hash cache (C:\Users\Mahesh\.gradle\caches\4.1\fileHashes)" [_thread_blocked, id=540, stack(0x000000001bc20000,0x000000001bd20000)]
  0x00000000191fe800 JavaThread "Stdin handler" [_thread_blocked, id=5428, stack(0x000000001bb20000,0x000000001bc20000)]
  0x000000001977f000 JavaThread "Asynchronous log dispatcher for DefaultDaemonConnection: socket connection from /127.0.0.1:21003 to /127.0.0.1:21004" [_thread_blocked, id=5528, stack(0x000000001ba20000,0x000000001bb20000)]
  0x00000000191fd800 JavaThread "Daemon worker" [_thread_in_vm, id=4440, stack(0x000000001b920000,0x000000001ba20000)]
  0x0000000019124000 JavaThread "Cancel handler" [_thread_blocked, id=10468, stack(0x000000001b820000,0x000000001b920000)]
  0x0000000019199800 JavaThread "Handler for socket connection from /127.0.0.1:21003 to /127.0.0.1:21004" [_thread_in_native, id=7344, stack(0x000000001b520000,0x000000001b620000)]
  0x0000000019197800 JavaThread "Daemon" [_thread_blocked, id=8352, stack(0x000000001b420000,0x000000001b520000)]
  0x0000000019746800 JavaThread "Daemon periodic checks" [_thread_blocked, id=6544, stack(0x000000001b320000,0x000000001b420000)]
  0x0000000019169800 JavaThread "Incoming local TCP Connector on port 21003" [_thread_in_native, id=3800, stack(0x000000001b0e0000,0x000000001b1e0000)]
  0x0000000018f72000 JavaThread "Daemon health stats" [_thread_blocked, id=11100, stack(0x0000000019aa0000,0x0000000019ba0000)]
  0x00000000164de000 JavaThread "Service Thread" daemon [_thread_blocked, id=608, stack(0x00000000180d0000,0x00000000181d0000)]
  0x0000000016487800 JavaThread "C1 CompilerThread2" daemon [_thread_blocked, id=8080, stack(0x0000000017bd0000,0x0000000017cd0000)]
=>0x0000000016484000 JavaThread "C2 CompilerThread1" daemon [_thread_in_native, id=10400, stack(0x0000000017ad0000,0x0000000017bd0000)]
  0x000000001647f800 JavaThread "C2 CompilerThread0" daemon [_thread_in_native, id=7316, stack(0x00000000179d0000,0x0000000017ad0000)]
  0x000000001647c800 JavaThread "Attach Listener" daemon [_thread_blocked, id=9248, stack(0x00000000178d0000,0x00000000179d0000)]
  0x000000001647b800 JavaThread "Signal Dispatcher" daemon [_thread_blocked, id=7816, stack(0x00000000177d0000,0x00000000178d0000)]
  0x0000000016469000 JavaThread "Finalizer" daemon [_thread_blocked, id=3416, stack(0x00000000176d0000,0x00000000177d0000)]
  0x0000000002b01000 JavaThread "Reference Handler" daemon [_thread_blocked, id=7628, stack(0x00000000175d0000,0x00000000176d0000)]
  0x00000000029fe000 JavaThread "main" [_thread_blocked, id=5828, stack(0x00000000028c0000,0x00000000029c0000)]

Other Threads:
  0x0000000016447800 VMThread [stack: 0x00000000174d0000,0x00000000175d0000] [id=9772]
  0x00000000164cf000 WatcherThread [stack: 0x00000000181d0000,0x00000000182d0000] [id=6980]

VM state:not at safepoint (normal execution)

VM Mutex/Monitor currently owned by a thread: None

Heap:
 PSYoungGen      total 138240K, used 102929K [0x00000000e0000000, 0x00000000efe00000, 0x0000000100000000)
  eden space 127488K, 80% used [0x00000000e0000000,0x00000000e64846c8,0x00000000e7c80000)
  from space 10752K, 0% used [0x00000000e7c80000,0x00000000e7c80000,0x00000000e8700000)
  to   space 12800K, 0% used [0x00000000ef180000,0x00000000ef180000,0x00000000efe00000)
 ParOldGen       total 64512K, used 18358K [0x00000000a0000000, 0x00000000a3f00000, 0x00000000e0000000)
  object space 64512K, 28% used [0x00000000a0000000,0x00000000a11ed880,0x00000000a3f00000)
 Metaspace       used 41191K, capacity 41912K, committed 42032K, reserved 1085440K
  class space    used 5625K, capacity 5868K, committed 5936K, reserved 1048576K

Card table byte_map: [0x0000000011ed0000,0x00000000121e0000] byte_map_base: 0x00000000119d0000

Marking Bits: (ParMarkBitMap*) 0x000000005484d850
 Begin Bits: [0x00000000127e0000, 0x0000000013fe0000)
 End Bits:   [0x0000000013fe0000, 0x00000000157e0000)

Polling page: 0x0000000000bd0000

CodeCache: size=245760Kb used=14366Kb max_used=14378Kb free=231393Kb
 bounds [0x0000000002b10000, 0x0000000003930000, 0x0000000011b10000]
 total_blobs=4844 nmethods=4122 adapters=634
 compilation: enabled

Compilation events (10 events):
Event: 8.876 Thread 0x0000000016487800 4603       3       com.sun.beans.WeakCache::get (42 bytes)
Event: 8.876 Thread 0x0000000016487800 nmethod 4603 0x0000000003916650 code [0x00000000039167e0, 0x0000000003916d08]
Event: 8.879 Thread 0x0000000016487800 4605       3       java.lang.Class::getDeclaredFields (18 bytes)
Event: 8.879 Thread 0x0000000016487800 nmethod 4605 0x0000000003916190 code [0x0000000003916320, 0x0000000003916558]
Event: 8.879 Thread 0x0000000016487800 4606       3       java.lang.Class::copyFields (36 bytes)
Event: 8.880 Thread 0x0000000016487800 nmethod 4606 0x0000000003915090 code [0x0000000003915280, 0x0000000003915c78]
Event: 8.882 Thread 0x000000001647f800 nmethod 4600 0x000000000390fa90 code [0x000000000390fc40, 0x00000000039102d8]
Event: 8.882 Thread 0x000000001647f800 4601       4       java.lang.reflect.Method::getTypeParameters (26 bytes)
Event: 8.896 Thread 0x000000001647f800 nmethod 4601 0x0000000003910e50 code [0x0000000003911040, 0x0000000003911930]
Event: 8.896 Thread 0x000000001647f800 4604       4       java.lang.Class::getTypeParameters (25 bytes)

GC Heap History (10 events):
Event: 3.749 GC heap before
{Heap before GC invocations=5 (full 0):
 PSYoungGen      total 70656K, used 5995K [0x00000000e0000000, 0x00000000e4a00000, 0x0000000100000000)
  eden space 65536K, 1% used [0x00000000e0000000,0x00000000e00ddc90,0x00000000e4000000)
  from space 5120K, 99% used [0x00000000e4500000,0x00000000e49fd020,0x00000000e4a00000)
  to   space 5120K, 0% used [0x00000000e4000000,0x00000000e4000000,0x00000000e4500000)
 ParOldGen       total 86016K, used 7947K [0x00000000a0000000, 0x00000000a5400000, 0x00000000e0000000)
  object space 86016K, 9% used [0x00000000a0000000,0x00000000a07c2d78,0x00000000a5400000)
 Metaspace       used 20889K, capacity 21216K, committed 21296K, reserved 1067008K
  class space    used 2954K, capacity 3081K, committed 3120K, reserved 1048576K
Event: 3.759 GC heap after
Heap after GC invocations=5 (full 0):
 PSYoungGen      total 70656K, used 5092K [0x00000000e0000000, 0x00000000e9500000, 0x0000000100000000)
  eden space 65536K, 0% used [0x00000000e0000000,0x00000000e0000000,0x00000000e4000000)
  from space 5120K, 99% used [0x00000000e4000000,0x00000000e44f9050,0x00000000e4500000)
  to   space 10752K, 0% used [0x00000000e8a80000,0x00000000e8a80000,0x00000000e9500000)
 ParOldGen       total 86016K, used 7955K [0x00000000a0000000, 0x00000000a5400000, 0x00000000e0000000)
  object space 86016K, 9% used [0x00000000a0000000,0x00000000a07c4d78,0x00000000a5400000)
 Metaspace       used 20889K, capacity 21216K, committed 21296K, reserved 1067008K
  class space    used 2954K, capacity 3081K, committed 3120K, reserved 1048576K
}
Event: 3.759 GC heap before
{Heap before GC invocations=6 (full 1):
 PSYoungGen      total 70656K, used 5092K [0x00000000e0000000, 0x00000000e9500000, 0x0000000100000000)
  eden space 65536K, 0% used [0x00000000e0000000,0x00000000e0000000,0x00000000e4000000)
  from space 5120K, 99% used [0x00000000e4000000,0x00000000e44f9050,0x00000000e4500000)
  to   space 10752K, 0% used [0x00000000e8a80000,0x00000000e8a80000,0x00000000e9500000)
 ParOldGen       total 86016K, used 7955K [0x00000000a0000000, 0x00000000a5400000, 0x00000000e0000000)
  object space 86016K, 9% used [0x00000000a0000000,0x00000000a07c4d78,0x00000000a5400000)
 Metaspace       used 20889K, capacity 21216K, committed 21296K, reserved 1067008K
  class space    used 2954K, capacity 3081K, committed 3120K, reserved 1048576K
Event: 3.814 GC heap after
Heap after GC invocations=6 (full 1):
 PSYoungGen      total 70656K, used 0K [0x00000000e0000000, 0x00000000e9500000, 0x0000000100000000)
  eden space 65536K, 0% used [0x00000000e0000000,0x00000000e0000000,0x00000000e4000000)
  from space 5120K, 0% used [0x00000000e4000000,0x00000000e4000000,0x00000000e4500000)
  to   space 10752K, 0% used [0x00000000e8a80000,0x00000000e8a80000,0x00000000e9500000)
 ParOldGen       total 47616K, used 6699K [0x00000000a0000000, 0x00000000a2e80000, 0x00000000e0000000)
  object space 47616K, 14% used [0x00000000a0000000,0x00000000a068af00,0x00000000a2e80000)
 Metaspace       used 20889K, capacity 21216K, committed 21296K, reserved 1067008K
  class space    used 2954K, capacity 3081K, committed 3120K, reserved 1048576K
}
Event: 5.147 GC heap before
{Heap before GC invocations=7 (full 1):
 PSYoungGen      total 70656K, used 65536K [0x00000000e0000000, 0x00000000e9500000, 0x0000000100000000)
  eden space 65536K, 100% used [0x00000000e0000000,0x00000000e4000000,0x00000000e4000000)
  from space 5120K, 0% used [0x00000000e4000000,0x00000000e4000000,0x00000000e4500000)
  to   space 10752K, 0% used [0x00000000e8a80000,0x00000000e8a80000,0x00000000e9500000)
 ParOldGen       total 47616K, used 6699K [0x00000000a0000000, 0x00000000a2e80000, 0x00000000e0000000)
  object space 47616K, 14% used [0x00000000a0000000,0x00000000a068af00,0x00000000a2e80000)
 Metaspace       used 26061K, capacity 26524K, committed 26672K, reserved 1073152K
  class space    used 3653K, capacity 3817K, committed 3888K, reserved 1048576K
Event: 5.156 GC heap after
Heap after GC invocations=7 (full 1):
 PSYoungGen      total 132096K, used 7157K [0x00000000e0000000, 0x00000000e9180000, 0x0000000100000000)
  eden space 124928K, 0% used [0x00000000e0000000,0x00000000e0000000,0x00000000e7a00000)
  from space 7168K, 99% used [0x00000000e8a80000,0x00000000e917d5f0,0x00000000e9180000)
  to   space 10752K, 0% used [0x00000000e7c80000,0x00000000e7c80000,0x00000000e8700000)
 ParOldGen       total 47616K, used 6707K [0x00000000a0000000, 0x00000000a2e80000, 0x00000000e0000000)
  object space 47616K, 14% used [0x00000000a0000000,0x00000000a068cf00,0x00000000a2e80000)
 Metaspace       used 26061K, capacity 26524K, committed 26672K, reserved 1073152K
  class space    used 3653K, capacity 3817K, committed 3888K, reserved 1048576K
}
Event: 7.416 GC heap before
{Heap before GC invocations=8 (full 1):
 PSYoungGen      total 132096K, used 130737K [0x00000000e0000000, 0x00000000e9180000, 0x0000000100000000)
  eden space 124928K, 98% used [0x00000000e0000000,0x00000000e78aee88,0x00000000e7a00000)
  from space 7168K, 99% used [0x00000000e8a80000,0x00000000e917d5f0,0x00000000e9180000)
  to   space 10752K, 0% used [0x00000000e7c80000,0x00000000e7c80000,0x00000000e8700000)
 ParOldGen       total 47616K, used 6707K [0x00000000a0000000, 0x00000000a2e80000, 0x00000000e0000000)
  object space 47616K, 14% used [0x00000000a0000000,0x00000000a068cf00,0x00000000a2e80000)
 Metaspace       used 34850K, capacity 35408K, committed 35496K, reserved 1079296K
  class space    used 4845K, capacity 5102K, committed 5168K, reserved 1048576K
Event: 7.433 GC heap after
Heap after GC invocations=8 (full 1):
 PSYoungGen      total 138240K, used 10736K [0x00000000e0000000, 0x00000000efe00000, 0x0000000100000000)
  eden space 127488K, 0% used [0x00000000e0000000,0x00000000e0000000,0x00000000e7c80000)
  from space 10752K, 99% used [0x00000000e7c80000,0x00000000e86fc278,0x00000000e8700000)
  to   space 12800K, 0% used [0x00000000ef180000,0x00000000ef180000,0x00000000efe00000)
 ParOldGen       total 47616K, used 8037K [0x00000000a0000000, 0x00000000a2e80000, 0x00000000e0000000)
  object space 47616K, 16% used [0x00000000a0000000,0x00000000a07d9648,0x00000000a2e80000)
 Metaspace       used 34850K, capacity 35408K, committed 35496K, reserved 1079296K
  class space    used 4845K, capacity 5102K, committed 5168K, reserved 1048576K
}
Event: 7.433 GC heap before
{Heap before GC invocations=9 (full 2):
 PSYoungGen      total 138240K, used 10736K [0x00000000e0000000, 0x00000000efe00000, 0x0000000100000000)
  eden space 127488K, 0% used [0x00000000e0000000,0x00000000e0000000,0x00000000e7c80000)
  from space 10752K, 99% used [0x00000000e7c80000,0x00000000e86fc278,0x00000000e8700000)
  to   space 12800K, 0% used [0x00000000ef180000,0x00000000ef180000,0x00000000efe00000)
 ParOldGen       total 47616K, used 8037K [0x00000000a0000000, 0x00000000a2e80000, 0x00000000e0000000)
  object space 47616K, 16% used [0x00000000a0000000,0x00000000a07d9648,0x00000000a2e80000)
 Metaspace       used 34850K, capacity 35408K, committed 35496K, reserved 1079296K
  class space    used 4845K, capacity 5102K, committed 5168K, reserved 1048576K
Event: 7.535 GC heap after
Heap after GC invocations=9 (full 2):
 PSYoungGen      total 138240K, used 0K [0x00000000e0000000, 0x00000000efe00000, 0x0000000100000000)
  eden space 127488K, 0% used [0x00000000e0000000,0x00000000e0000000,0x00000000e7c80000)
  from space 10752K, 0% used [0x00000000e7c80000,0x00000000e7c80000,0x00000000e8700000)
  to   space 12800K, 0% used [0x00000000ef180000,0x00000000ef180000,0x00000000efe00000)
 ParOldGen       total 64512K, used 18358K [0x00000000a0000000, 0x00000000a3f00000, 0x00000000e0000000)
  object space 64512K, 28% used [0x00000000a0000000,0x00000000a11ed880,0x00000000a3f00000)
 Metaspace       used 34850K, capacity 35408K, committed 35496K, reserved 1079296K
  class space    used 4845K, capacity 5102K, committed 5168K, reserved 1048576K
}

Deoptimization events (10 events):
Event: 8.219 Thread 0x00000000191fd800 Uncommon trap: reason=bimorphic action=maybe_recompile pc=0x0000000002f66e30 method=java.util.Hashtable.get(Ljava/lang/Object;)Ljava/lang/Object; @ 6
Event: 8.220 Thread 0x00000000191fd800 Uncommon trap: reason=bimorphic action=maybe_recompile pc=0x0000000002f66e30 method=java.util.Hashtable.get(Ljava/lang/Object;)Ljava/lang/Object; @ 6
Event: 8.223 Thread 0x00000000191fd800 Uncommon trap: reason=bimorphic action=maybe_recompile pc=0x0000000002f66e30 method=java.util.Hashtable.get(Ljava/lang/Object;)Ljava/lang/Object; @ 6
Event: 8.223 Thread 0x00000000191fd800 Uncommon trap: reason=bimorphic action=maybe_recompile pc=0x0000000002f66e30 method=java.util.Hashtable.get(Ljava/lang/Object;)Ljava/lang/Object; @ 6
Event: 8.225 Thread 0x00000000191fd800 Uncommon trap: reason=unstable_if action=reinterpret pc=0x0000000002f4febc method=java.lang.CharacterDataLatin1.isWhitespace(I)Z @ 14
Event: 8.248 Thread 0x00000000191fd800 Uncommon trap: reason=unstable_if action=reinterpret pc=0x0000000002c85ad0 method=java.util.jar.JarFile.getInputStream(Ljava/util/zip/ZipEntry;)Ljava/io/InputStream; @ 37
Event: 8.251 Thread 0x00000000191fd800 Uncommon trap: reason=unstable_if action=reinterpret pc=0x000000000305d8ac method=java.security.CodeSource.getCertificates()[Ljava/security/cert/Certificate; @ 22
Event: 8.252 Thread 0x00000000191fd800 Uncommon trap: reason=unstable_if action=reinterpret pc=0x00000000033d3c3c method=java.util.jar.JarFile.maybeInstantiateVerifier()V @ 75
Event: 8.307 Thread 0x00000000191fd800 Uncommon trap: reason=range_check action=make_not_entrant pc=0x000000000347069c method=java.lang.String.charAt(I)C @ 27
Event: 8.690 Thread 0x00000000191fd800 Uncommon trap: reason=unstable_if action=reinterpret pc=0x0000000003347c98 method=org.codehaus.groovy.reflection.CachedMethod.compareToMethod(Ljava/lang/reflect/Method;)I @ 111

Internal exceptions (10 events):
Event: 8.683 Thread 0x00000000191fd800 Exception <a 'java/lang/ClassNotFoundException': com/android/build/gradle/internal/dsl/BuildTypeCustomizer> (0x00000000e5899a90) thrown at [C:\re\workspace\8-2-build-windows-amd64-cygwin\jdk8u144\9417\hotspot\src\share\vm\classfile\systemDictionary.cpp, l
Event: 8.686 Thread 0x00000000191fd800 Exception <a 'java/lang/ClassNotFoundException': com/android/build/gradle/internal/dsl/BuildType_DecoratedCustomizer> (0x00000000e58f5b00) thrown at [C:\re\workspace\8-2-build-windows-amd64-cygwin\jdk8u144\9417\hotspot\src\share\vm\classfile\systemDiction
Event: 8.871 Thread 0x00000000191fd800 Exception <a 'java/lang/ClassNotFoundException': com/android/build/gradle/AppExtension_DecoratedBeanInfo> (0x00000000e5edd9e0) thrown at [C:\re\workspace\8-2-build-windows-amd64-cygwin\jdk8u144\9417\hotspot\src\share\vm\classfile\systemDictionary.cpp, lin
Event: 8.872 Thread 0x00000000191fd800 Exception <a 'java/lang/ClassNotFoundException': com/android/build/gradle/AppExtensionBeanInfo> (0x00000000e5eefb50) thrown at [C:\re\workspace\8-2-build-windows-amd64-cygwin\jdk8u144\9417\hotspot\src\share\vm\classfile\systemDictionary.cpp, line 210]
Event: 8.872 Thread 0x00000000191fd800 Exception <a 'java/lang/ClassNotFoundException': com/android/build/gradle/TestedExtensionBeanInfo> (0x00000000e5f02558) thrown at [C:\re\workspace\8-2-build-windows-amd64-cygwin\jdk8u144\9417\hotspot\src\share\vm\classfile\systemDictionary.cpp, line 210]
Event: 8.872 Thread 0x00000000191fd800 Exception <a 'java/lang/ClassNotFoundException': com/android/build/gradle/BaseExtensionBeanInfo> (0x00000000e5f146d0) thrown at [C:\re\workspace\8-2-build-windows-amd64-cygwin\jdk8u144\9417\hotspot\src\share\vm\classfile\systemDictionary.cpp, line 210]
Event: 8.872 Thread 0x00000000191fd800 Exception <a 'java/lang/ClassNotFoundException': com/android/build/gradle/BaseExtensionCustomizer> (0x00000000e5f27090) thrown at [C:\re\workspace\8-2-build-windows-amd64-cygwin\jdk8u144\9417\hotspot\src\share\vm\classfile\systemDictionary.cpp, line 210]
Event: 8.875 Thread 0x00000000191fd800 Exception <a 'java/lang/ClassNotFoundException': com/android/build/gradle/TestedExtensionCustomizer> (0x00000000e5fb6ee0) thrown at [C:\re\workspace\8-2-build-windows-amd64-cygwin\jdk8u144\9417\hotspot\src\share\vm\classfile\systemDictionary.cpp, line 210
Event: 8.877 Thread 0x00000000191fd800 Exception <a 'java/lang/ClassNotFoundException': com/android/build/gradle/AppExtensionCustomizer> (0x00000000e5fe4038) thrown at [C:\re\workspace\8-2-build-windows-amd64-cygwin\jdk8u144\9417\hotspot\src\share\vm\classfile\systemDictionary.cpp, line 210]
Event: 8.877 Thread 0x00000000191fd800 Exception <a 'java/lang/ClassNotFoundException': com/android/build/gradle/AppExtension_DecoratedCustomizer> (0x00000000e6010070) thrown at [C:\re\workspace\8-2-build-windows-amd64-cygwin\jdk8u144\9417\hotspot\src\share\vm\classfile\systemDictionary.cpp, l

Events (10 events):
Event: 8.877 loading class com/android/build/gradle/AppExtension_DecoratedCustomizer
Event: 8.877 loading class com/android/build/gradle/AppExtension_DecoratedCustomizer done
Event: 8.877 loading class com/android/build/gradle/AppExtension_DecoratedCustomizer
Event: 8.877 loading class com/android/build/gradle/AppExtension_DecoratedCustomizer done
Event: 8.898 loading class groovy/runtime/metaclass/build_dslk9kxd7gazb1y9zr64udma9$_run_closure1$_closure3MetaClass
Event: 8.899 loading class groovy/runtime/metaclass/build_dslk9kxd7gazb1y9zr64udma9$_run_closure1$_closure3MetaClass done
Event: 8.899 loading class org/gradle/util/ConfigureUtil
Event: 8.899 loading class org/gradle/util/ConfigureUtil done
Event: 8.899 loading class groovy/runtime/metaclass/com/android/build/gradle/internal/dsl/DefaultConfig_DecoratedMetaClass
Event: 8.899 loading class groovy/runtime/metaclass/com/android/build/gradle/internal/dsl/DefaultConfig_DecoratedMetaClass done


Dynamic libraries:
0x00007ff7895c0000 - 0x00007ff7895f7000 	C:\Program Files\Java\jdk1.8.0_144\bin\java.exe
0x00007ff9f7920000 - 0x00007ff9f7b01000 	C:\WINDOWS\SYSTEM32\ntdll.dll
0x00007ff9f60f0000 - 0x00007ff9f61a2000 	C:\WINDOWS\System32\KERNEL32.DLL
0x00007ff9f49a0000 - 0x00007ff9f4c13000 	C:\WINDOWS\System32\KERNELBASE.dll
0x00007ff9f7840000 - 0x00007ff9f78e1000 	C:\WINDOWS\System32\ADVAPI32.dll
0x00007ff9f5f80000 - 0x00007ff9f601e000 	C:\WINDOWS\System32\msvcrt.dll
0x00007ff9f5680000 - 0x00007ff9f56db000 	C:\WINDOWS\System32\sechost.dll
0x00007ff9f5550000 - 0x00007ff9f5674000 	C:\WINDOWS\System32\RPCRT4.dll
0x00007ff9f4eb0000 - 0x00007ff9f5040000 	C:\WINDOWS\System32\USER32.dll
0x00007ff9f4790000 - 0x00007ff9f47b0000 	C:\WINDOWS\System32\win32u.dll
0x00007ff9f5040000 - 0x00007ff9f5068000 	C:\WINDOWS\System32\GDI32.dll
0x00007ff9f3cf0000 - 0x00007ff9f3e82000 	C:\WINDOWS\System32\gdi32full.dll
0x00007ff9f46f0000 - 0x00007ff9f478f000 	C:\WINDOWS\System32\msvcp_win.dll
0x00007ff9f3ee0000 - 0x00007ff9f3fda000 	C:\WINDOWS\System32\ucrtbase.dll
0x00007ff9e85c0000 - 0x00007ff9e8829000 	C:\WINDOWS\WinSxS\amd64_microsoft.windows.common-controls_6595b64144ccf1df_6.0.17134.285_none_fb4297e330656775\COMCTL32.dll
0x00007ff9f58e0000 - 0x00007ff9f5c03000 	C:\WINDOWS\System32\combase.dll
0x00007ff9f4c20000 - 0x00007ff9f4c9a000 	C:\WINDOWS\System32\bcryptPrimitives.dll
0x00007ff9f5070000 - 0x00007ff9f509d000 	C:\WINDOWS\System32\IMM32.DLL
0x00000000548d0000 - 0x00000000549a2000 	C:\Program Files\Java\jdk1.8.0_144\jre\bin\msvcr100.dll
0x0000000054030000 - 0x00000000548cd000 	C:\Program Files\Java\jdk1.8.0_144\jre\bin\server\jvm.dll
0x00007ff9f5c80000 - 0x00007ff9f5c88000 	C:\WINDOWS\System32\PSAPI.DLL
0x00007ff9efaf0000 - 0x00007ff9efb13000 	C:\WINDOWS\SYSTEM32\WINMM.dll
0x00007ff9db4b0000 - 0x00007ff9db4b9000 	C:\WINDOWS\SYSTEM32\WSOCK32.dll
0x00007ff9e7d60000 - 0x00007ff9e7d6a000 	C:\WINDOWS\SYSTEM32\VERSION.dll
0x00007ff9f5c10000 - 0x00007ff9f5c7c000 	C:\WINDOWS\System32\WS2_32.dll
0x00007ff9efac0000 - 0x00007ff9efaea000 	C:\WINDOWS\SYSTEM32\winmmbase.dll
0x00007ff9f3e90000 - 0x00007ff9f3ed9000 	C:\WINDOWS\System32\cfgmgr32.dll
0x0000000054020000 - 0x000000005402f000 	C:\Program Files\Java\jdk1.8.0_144\jre\bin\verify.dll
0x0000000053ff0000 - 0x0000000054019000 	C:\Program Files\Java\jdk1.8.0_144\jre\bin\java.dll
0x0000000053fd0000 - 0x0000000053fe6000 	C:\Program Files\Java\jdk1.8.0_144\jre\bin\zip.dll
0x00007ff9f61b0000 - 0x00007ff9f75f0000 	C:\WINDOWS\System32\SHELL32.dll
0x00007ff9f56e0000 - 0x00007ff9f5789000 	C:\WINDOWS\System32\shcore.dll
0x00007ff9f3fe0000 - 0x00007ff9f46ed000 	C:\WINDOWS\System32\windows.storage.dll
0x00007ff9f5790000 - 0x00007ff9f57e1000 	C:\WINDOWS\System32\shlwapi.dll
0x00007ff9f3cd0000 - 0x00007ff9f3ce1000 	C:\WINDOWS\System32\kernel.appcore.dll
0x00007ff9f3c80000 - 0x00007ff9f3c9f000 	C:\WINDOWS\System32\profapi.dll
0x00007ff9f3c30000 - 0x00007ff9f3c7c000 	C:\WINDOWS\System32\powrprof.dll
0x00007ff9f3ca0000 - 0x00007ff9f3caa000 	C:\WINDOWS\System32\FLTLIB.DLL
0x0000000053fb0000 - 0x0000000053fca000 	C:\Program Files\Java\jdk1.8.0_144\jre\bin\net.dll
0x00007ff9f3450000 - 0x00007ff9f34b6000 	C:\WINDOWS\system32\mswsock.dll
0x0000000053f90000 - 0x0000000053fa1000 	C:\Program Files\Java\jdk1.8.0_144\jre\bin\nio.dll
0x00007ff9d6650000 - 0x00007ff9d666e000 	C:\Users\Mahesh\.gradle\native\25\windows-amd64\native-platform.dll
0x0000000053f80000 - 0x0000000053f8d000 	C:\Program Files\Java\jdk1.8.0_144\jre\bin\management.dll
0x00007ff9f3600000 - 0x00007ff9f3617000 	C:\WINDOWS\SYSTEM32\CRYPTSP.dll
0x00007ff9f3030000 - 0x00007ff9f3063000 	C:\WINDOWS\system32\rsaenh.dll
0x00007ff9f3790000 - 0x00007ff9f37b5000 	C:\WINDOWS\SYSTEM32\bcrypt.dll
0x00007ff9f3b30000 - 0x00007ff9f3b58000 	C:\WINDOWS\SYSTEM32\USERENV.dll
0x00007ff9f3620000 - 0x00007ff9f362b000 	C:\WINDOWS\SYSTEM32\CRYPTBASE.dll
0x00007ff9f31d0000 - 0x00007ff9f3208000 	C:\WINDOWS\SYSTEM32\IPHLPAPI.DLL
0x00007ff9f5e10000 - 0x00007ff9f5e18000 	C:\WINDOWS\System32\NSI.dll
0x00007ff9ebf90000 - 0x00007ff9ebfa6000 	C:\WINDOWS\SYSTEM32\dhcpcsvc6.DLL
0x00007ff9ed690000 - 0x00007ff9ed6aa000 	C:\WINDOWS\SYSTEM32\dhcpcsvc.DLL
0x00007ff9e88d0000 - 0x00007ff9e8a99000 	C:\WINDOWS\SYSTEM32\dbghelp.dll

VM Arguments:
jvm_args: -Xmx1536m -Dfile.encoding=windows-1252 -Duser.country=IN -Duser.language=en -Duser.variant 
java_command: org.gradle.launcher.daemon.bootstrap.GradleDaemon 4.1
java_class_path (initial): C:\Users\Mahesh\.gradle\wrapper\dists\gradle-4.1-all\bzyivzo6n839fup2jbap0tjew\gradle-4.1\lib\gradle-launcher-4.1.jar
Launcher Type: SUN_STANDARD

Environment Variables:
JAVA_HOME=C:\Program Files (x86)\Java\jdk1.8.0_112
PATH=C:\ProgramData\Oracle\Java\javapath;C:\WINDOWS\system32;C:\WINDOWS;C:\WINDOWS\System32\Wbem;C:\WINDOWS\System32\WindowsPowerShell\v1.0\;C:\Program Files\Lenovo\Bluetooth Software\;C:\Program Files\Lenovo\Bluetooth Software\syswow64;C:\Program Files\Microsoft SQL Server\110\Tools\Binn\;C:\Program Files\Microsoft\Web Platform Installer\;C:\Program Files (x86)\Microsoft ASP.NET\ASP.NET Web Pages\v1.0\;C:\Program Files (x86)\Windows Kits\8.0\Windows Performance Toolkit\;C:\Program Files\Git\cmd;C:\WINDOWS\system32\config\systemprofile\.dnx\bin;C:\Program Files\Microsoft DNX\Dnvm\;C:\Program Files\Microsoft SQL Server\130\Tools\Binn\;C:\Program Files\TortoiseSVN\bin;C:\Program Files (x86)\Skype\Phone\;C:\Program Files (x86)\Java\jdk1.8.0_112\bin;C:\Program Files (x86)\GitExtensions\;E:\AndroidSetting\sdk\platform-tools\;C:\Program Files\Microsoft SQL Server\120\Tools\Binn\;C:\Program Files\Microsoft VS Code\bin;C:\Program Files\nodejs\;C:\Program Files\dotnet\;C:\Program Files (x86)\Microsoft SQL Server\140\Tools\Binn\;C:\Program Files\Microsoft SQL Server\140\Tools\Binn\;C:\Program Files (x86)\Microsoft SQL Server\140\DTS\Binn\;C:\Program Files\Microsoft SQL Server\140\DTS\Binn\;C:\Program Files\Microsoft SQL Server\Client SDK\ODBC\130\Tools\Binn\;C:\Program Files (x86)\Microsoft SQL Server\Client SDK\ODBC\130\Tools\Binn\;C:\Program Files (x86)\Microsoft SQL Server\140\Tools\Binn\ManagementStudio\;C:\WINDOWS\System32\OpenSSH\;C:\Users\Mahesh\AppData\Local\Microsoft\WindowsApps;C:\Users\Mahesh\AppData\Roaming\npm;
USERNAME=Mahesh
OS=Windows_NT
PROCESSOR_IDENTIFIER=Intel64 Family 6 Model 58 Stepping 9, GenuineIntel



---------------  S Y S T E M  ---------------

OS: Windows 10.0 , 64 bit Build 17134 (10.0.17134.1)

CPU:total 4 (initial active 4) (2 cores per cpu, 2 threads per core) family 6 model 58 stepping 9, cmov, cx8, fxsr, mmx, sse, sse2, sse3, ssse3, sse4.1, sse4.2, popcnt, avx, aes, clmul, erms, ht, tsc, tscinvbit, tscinv

Memory: 4k page, physical 8232352k(2958992k free), swap 10198432k(3537408k free)

vm_info: Java HotSpot(TM) 64-Bit Server VM (25.144-b01) for windows-amd64 JRE (1.8.0_144-b01), built on Jul 21 2017 21:57:33 by "java_re" with MS VC++ 10.0 (VS2010)

time: Sun Sep 23 14:51:33 2018
elapsed time: 8 seconds (0d 0h 0m 8s)

